Arguments: 
  /usr/local/Cellar/node/7.2.0/bin/node /usr/local/bin/yarn

PATH: 
  ./vendor/bin:/Users/LasseHaslev/.composer/vendor/bin:/Users/LasseHaslev/bin:/usr/local/bin:/usr/bin:/bin:/usr/sbin:/sbin

Yarn version: 
  0.17.9

Node version: 
  7.2.0

Platform: 
  darwin x64

npm manifest: 
  {
    "name": "@lassehaslev/vue-image-picker",
    "description": "Image picker using @lassehaslev/vue-item-picker",
    "version": "0.3.0",
    "author": "Lasse S. Haslev <lasse@haslev.no>",
    "repository": {
      "type": "git",
      "url": "git+https://github.com/lassehaslev/vue-image-picker.git"
    },
    "main": "dist/index.js",
    "private": false,
    "scripts": {
      "serve": "cross-env NODE_ENV=development webpack-dev-server --open --inline --hot",
      "dev": "npm-run-all --parallel serve data-server",
      "build": "rm -rf dist/ && mkdir dist && babel src --out-dir dist --ignore tutorials/,main.js",
      "prepublish": "npm run build",
      "data-server": "nodemon  src/tutorials/server/server.js"
    },
    "dependencies": {
      "@lassehaslev/vue-vue-image-picker": "^0.3.0",
      "vue": "^2.1.0"
    },
    "devDependencies": {
      "babel-cli": "^6.23.0",
      "babel-core": "^6.0.0",
      "babel-loader": "^6.0.0",
      "babel-preset-es2015": "^6.22.0",
      "cross-env": "^3.0.0",
      "css-loader": "^0.25.0",
      "express": "^4.14.0",
      "file-loader": "^0.9.0",
      "multer": "^1.2.1",
      "nodemon": "^1.11.0",
      "npm-run-all": "^3.1.2",
      "vue-loader": "^10.0.0",
      "vue-template-compiler": "^2.1.0",
      "webpack": "^2.1.0-beta.25",
      "webpack-dev-server": "^2.1.0-beta.9"
    }
  }

yarn manifest: 
  No manifest

Lockfile: 
  No lockfile

Trace: 
  Error: https://registry.yarnpkg.com/@lassehaslev%2fvue-vue-image-picker: Not found
      at Request.params.callback [as _callback] (/usr/local/Cellar/yarn/0.17.9/libexec/lib/node_modules/yarn/lib/util/request-manager.js:309:18)
      at Request.self.callback (/usr/local/Cellar/yarn/0.17.9/libexec/lib/node_modules/yarn/node_modules/request/request.js:186:22)
      at emitTwo (events.js:106:13)
      at Request.emit (events.js:191:7)
      at Request.<anonymous> (/usr/local/Cellar/yarn/0.17.9/libexec/lib/node_modules/yarn/node_modules/request/request.js:1081:10)
      at emitOne (events.js:96:13)
      at Request.emit (events.js:188:7)
      at IncomingMessage.<anonymous> (/usr/local/Cellar/yarn/0.17.9/libexec/lib/node_modules/yarn/node_modules/request/request.js:1001:12)
      at IncomingMessage.g (events.js:292:16)
      at emitNone (events.js:91:20)
      at IncomingMessage.emit (events.js:185:7)
